<?xml version="1.0" encoding="UTF-8"?>
<Site BuildName="Win32-MSBuild"
	BuildStamp="20260212-1813-Experimental"
	Name="Seans_Laptop"
	Generator="ctest-4.2.1"
	CompilerName="C:/Program Files/Microsoft Visual Studio/2022/Community/VC/Tools/MSVC/14.44.35207/bin/Hostx64/x64/cl.exe"
	CompilerVersion="19.44.35222.0"
	OSName="Windows"
	Hostname="Seans_Laptop"
	OSRelease="10.0.26100"
	OSVersion="Windows 10"
	OSPlatform="AMD64"
	Is64Bits="1"
	VendorString="GenuineIntel"
	VendorID="Intel Corporation"
	FamilyID="6"
	ModelID="7"
	ModelName=""
	ProcessorCacheSize="-1"
	NumberOfLogicalCPU="20"
	NumberOfPhysicalCPU="14"
	TotalVirtualMemory="22980"
	TotalPhysicalMemory="16068"
	LogicalProcessorsPerPhysical="1"
	ProcessorClockFrequency="2600"
	>
	<Testing>
		<StartDateTime>Feb 12 10:13 Pacific Standard Time</StartDateTime>
		<StartTestTime>1770920014</StartTestTime>
		<TestList/>
		<EndDateTime>Feb 12 10:13 Pacific Standard Time</EndDateTime>
		<EndTestTime>1770920014</EndTestTime>
		<ElapsedMinutes>0</ElapsedMinutes>
	</Testing>
</Site>
